<?xml version="1.0" encoding="UTF-8"?>
<coverage generated="1651896653544" clover="3.2.0">
  <project timestamp="1651896653544" name="All files">
    <metrics statements="112" coveredstatements="102" conditionals="76" coveredconditionals="64" methods="8" coveredmethods="8" elements="196" coveredelements="174" complexity="0" loc="112" ncloc="112" packages="1" files="1" classes="1"/>
    <file name="main.js" path="C:\Users\Audio\Documents\Software Design\quote app\quote app\public\main.js">
      <metrics statements="112" coveredstatements="102" conditionals="76" coveredconditionals="64" methods="8" coveredmethods="8"/>
      <line num="6" count="3" type="stmt"/>
      <line num="8" count="3" type="cond" truecount="1" falsecount="1"/>
      <line num="16" count="3" type="cond" truecount="2" falsecount="0"/>
      <line num="20" count="1" type="stmt"/>
      <line num="22" count="2" type="cond" truecount="2" falsecount="0"/>
      <line num="26" count="1" type="stmt"/>
      <line num="30" count="1" type="stmt"/>
      <line num="66" count="1" type="stmt"/>
      <line num="70" count="0" type="stmt"/>
      <line num="73" count="1" type="stmt"/>
      <line num="108" count="3" type="stmt"/>
      <line num="109" count="3" type="cond" truecount="1" falsecount="1"/>
      <line num="118" count="3" type="cond" truecount="2" falsecount="0"/>
      <line num="122" count="1" type="stmt"/>
      <line num="124" count="2" type="cond" truecount="2" falsecount="0"/>
      <line num="128" count="1" type="stmt"/>
      <line num="133" count="1" type="stmt"/>
      <line num="145" count="1" type="cond" truecount="1" falsecount="1"/>
      <line num="158" count="1" type="stmt"/>
      <line num="162" count="0" type="stmt"/>
      <line num="165" count="1" type="stmt"/>
      <line num="192" count="7" type="stmt"/>
      <line num="193" count="7" type="cond" truecount="1" falsecount="1"/>
      <line num="210" count="7" type="cond" truecount="2" falsecount="0"/>
      <line num="214" count="1" type="stmt"/>
      <line num="217" count="6" type="cond" truecount="2" falsecount="0"/>
      <line num="221" count="1" type="stmt"/>
      <line num="224" count="5" type="cond" truecount="2" falsecount="0"/>
      <line num="228" count="1" type="stmt"/>
      <line num="231" count="4" type="cond" truecount="4" falsecount="0"/>
      <line num="235" count="1" type="stmt"/>
      <line num="238" count="3" type="cond" truecount="2" falsecount="0"/>
      <line num="242" count="1" type="stmt"/>
      <line num="245" count="2" type="cond" truecount="4" falsecount="0"/>
      <line num="249" count="1" type="stmt"/>
      <line num="254" count="1" type="stmt"/>
      <line num="268" count="1" type="cond" truecount="1" falsecount="1"/>
      <line num="273" count="1" type="stmt"/>
      <line num="280" count="0" type="stmt"/>
      <line num="282" count="0" type="stmt"/>
      <line num="285" count="0" type="stmt"/>
      <line num="288" count="1" type="stmt"/>
      <line num="293" count="7" type="stmt"/>
      <line num="294" count="7" type="cond" truecount="1" falsecount="1"/>
      <line num="310" count="7" type="cond" truecount="2" falsecount="0"/>
      <line num="314" count="1" type="stmt"/>
      <line num="317" count="6" type="cond" truecount="2" falsecount="0"/>
      <line num="321" count="1" type="stmt"/>
      <line num="324" count="5" type="cond" truecount="2" falsecount="0"/>
      <line num="328" count="1" type="stmt"/>
      <line num="331" count="4" type="cond" truecount="4" falsecount="0"/>
      <line num="335" count="1" type="stmt"/>
      <line num="338" count="3" type="cond" truecount="2" falsecount="0"/>
      <line num="342" count="1" type="stmt"/>
      <line num="345" count="2" type="cond" truecount="4" falsecount="0"/>
      <line num="349" count="1" type="stmt"/>
      <line num="354" count="1" type="stmt"/>
      <line num="366" count="1" type="stmt"/>
      <line num="368" count="1" type="cond" truecount="1" falsecount="1"/>
      <line num="374" count="1" type="stmt"/>
      <line num="381" count="0" type="stmt"/>
      <line num="383" count="0" type="stmt"/>
      <line num="386" count="0" type="stmt"/>
      <line num="389" count="1" type="stmt"/>
      <line num="532" count="1" type="stmt"/>
      <line num="584" count="3" type="cond" truecount="1" falsecount="1"/>
      <line num="592" count="3" type="cond" truecount="1" falsecount="1"/>
      <line num="600" count="3" type="cond" truecount="2" falsecount="0"/>
      <line num="602" count="1" type="stmt"/>
      <line num="603" count="1" type="stmt"/>
      <line num="605" count="2" type="cond" truecount="1" falsecount="1"/>
      <line num="606" count="0" type="stmt"/>
      <line num="607" count="0" type="stmt"/>
      <line num="610" count="2" type="cond" truecount="2" falsecount="0"/>
      <line num="612" count="1" type="stmt"/>
      <line num="613" count="1" type="stmt"/>
      <line num="636" count="1" type="stmt"/>
      <line num="638" count="1" type="stmt"/>
      <line num="643" count="3" type="stmt"/>
      <line num="644" count="3" type="stmt"/>
      <line num="645" count="3" type="stmt"/>
      <line num="646" count="3" type="stmt"/>
      <line num="647" count="3" type="cond" truecount="1" falsecount="1"/>
      <line num="648" count="3" type="stmt"/>
      <line num="650" count="3" type="cond" truecount="1" falsecount="1"/>
      <line num="651" count="3" type="stmt"/>
      <line num="653" count="3" type="stmt"/>
      <line num="654" count="3" type="cond" truecount="2" falsecount="0"/>
      <line num="656" count="1" type="stmt"/>
      <line num="658" count="2" type="stmt"/>
      <line num="660" count="1" type="stmt"/>
      <line num="729" count="1" type="stmt"/>
      <line num="734" count="2" type="stmt"/>
      <line num="735" count="2" type="stmt"/>
      <line num="736" count="2" type="stmt"/>
      <line num="737" count="2" type="stmt"/>
      <line num="738" count="2" type="stmt"/>
      <line num="739" count="2" type="stmt"/>
      <line num="742" count="2" type="cond" truecount="2" falsecount="0"/>
      <line num="744" count="1" type="stmt"/>
      <line num="748" count="1" type="stmt"/>
      <line num="752" count="2" type="cond" truecount="2" falsecount="0"/>
      <line num="754" count="1" type="stmt"/>
      <line num="758" count="1" type="stmt"/>
      <line num="762" count="2" type="cond" truecount="2" falsecount="0"/>
      <line num="764" count="1" type="stmt"/>
      <line num="768" count="1" type="stmt"/>
      <line num="772" count="2" type="stmt"/>
      <line num="775" count="2" type="stmt"/>
      <line num="777" count="1" type="stmt"/>
      <line num="781" count="1" type="stmt"/>
      <line num="783" count="1" type="stmt"/>
    </file>
  </project>
</coverage>
