{"C:\\Users\\Audio\\Documents\\Software Design\\quote app\\quote app\\public\\main.js": {"path":"C:\\Users\\Audio\\Documents\\Software Design\\quote app\\quote app\\public\\main.js","statementMap":{"0":{"start":{"line":6,"column":1},"end":{"line":71,"column":2}},"1":{"start":{"line":8,"column":8},"end":{"line":14,"column":9}},"2":{"start":{"line":16,"column":8},"end":{"line":27,"column":9}},"3":{"start":{"line":20,"column":12},"end":{"line":20,"column":25}},"4":{"start":{"line":22,"column":13},"end":{"line":27,"column":9}},"5":{"start":{"line":26,"column":12},"end":{"line":26,"column":25}},"6":{"start":{"line":30,"column":21},"end":{"line":30,"column":63}},"7":{"start":{"line":66,"column":8},"end":{"line":66,"column":21}},"8":{"start":{"line":70,"column":2},"end":{"line":70,"column":19}},"9":{"start":{"line":73,"column":0},"end":{"line":73,"column":29}},"10":{"start":{"line":108,"column":4},"end":{"line":163,"column":5}},"11":{"start":{"line":109,"column":8},"end":{"line":116,"column":9}},"12":{"start":{"line":118,"column":8},"end":{"line":129,"column":9}},"13":{"start":{"line":122,"column":12},"end":{"line":122,"column":25}},"14":{"start":{"line":124,"column":13},"end":{"line":129,"column":9}},"15":{"start":{"line":128,"column":12},"end":{"line":128,"column":25}},"16":{"start":{"line":133,"column":21},"end":{"line":133,"column":65}},"17":{"start":{"line":145,"column":8},"end":{"line":156,"column":9}},"18":{"start":{"line":158,"column":8},"end":{"line":158,"column":26}},"19":{"start":{"line":162,"column":8},"end":{"line":162,"column":25}},"20":{"start":{"line":165,"column":0},"end":{"line":165,"column":34}},"21":{"start":{"line":192,"column":4},"end":{"line":286,"column":5}},"22":{"start":{"line":193,"column":8},"end":{"line":207,"column":9}},"23":{"start":{"line":210,"column":8},"end":{"line":215,"column":9}},"24":{"start":{"line":214,"column":12},"end":{"line":214,"column":25}},"25":{"start":{"line":217,"column":8},"end":{"line":222,"column":9}},"26":{"start":{"line":221,"column":12},"end":{"line":221,"column":25}},"27":{"start":{"line":224,"column":8},"end":{"line":229,"column":9}},"28":{"start":{"line":228,"column":12},"end":{"line":228,"column":25}},"29":{"start":{"line":231,"column":8},"end":{"line":236,"column":9}},"30":{"start":{"line":235,"column":12},"end":{"line":235,"column":25}},"31":{"start":{"line":238,"column":8},"end":{"line":243,"column":9}},"32":{"start":{"line":242,"column":12},"end":{"line":242,"column":25}},"33":{"start":{"line":245,"column":8},"end":{"line":250,"column":9}},"34":{"start":{"line":249,"column":12},"end":{"line":249,"column":25}},"35":{"start":{"line":254,"column":21},"end":{"line":254,"column":125}},"36":{"start":{"line":268,"column":8},"end":{"line":281,"column":9}},"37":{"start":{"line":273,"column":12},"end":{"line":273,"column":29}},"38":{"start":{"line":280,"column":12},"end":{"line":280,"column":29}},"39":{"start":{"line":282,"column":8},"end":{"line":282,"column":25}},"40":{"start":{"line":285,"column":8},"end":{"line":285,"column":25}},"41":{"start":{"line":288,"column":0},"end":{"line":288,"column":32}},"42":{"start":{"line":293,"column":4},"end":{"line":387,"column":5}},"43":{"start":{"line":294,"column":8},"end":{"line":308,"column":9}},"44":{"start":{"line":310,"column":8},"end":{"line":315,"column":9}},"45":{"start":{"line":314,"column":12},"end":{"line":314,"column":25}},"46":{"start":{"line":317,"column":8},"end":{"line":322,"column":9}},"47":{"start":{"line":321,"column":12},"end":{"line":321,"column":25}},"48":{"start":{"line":324,"column":8},"end":{"line":329,"column":9}},"49":{"start":{"line":328,"column":12},"end":{"line":328,"column":25}},"50":{"start":{"line":331,"column":8},"end":{"line":336,"column":9}},"51":{"start":{"line":335,"column":12},"end":{"line":335,"column":25}},"52":{"start":{"line":338,"column":8},"end":{"line":343,"column":9}},"53":{"start":{"line":342,"column":12},"end":{"line":342,"column":25}},"54":{"start":{"line":345,"column":8},"end":{"line":350,"column":9}},"55":{"start":{"line":349,"column":12},"end":{"line":349,"column":25}},"56":{"start":{"line":354,"column":21},"end":{"line":354,"column":125}},"57":{"start":{"line":366,"column":26},"end":{"line":366,"column":47}},"58":{"start":{"line":368,"column":8},"end":{"line":382,"column":9}},"59":{"start":{"line":374,"column":12},"end":{"line":374,"column":29}},"60":{"start":{"line":381,"column":12},"end":{"line":381,"column":29}},"61":{"start":{"line":383,"column":8},"end":{"line":383,"column":25}},"62":{"start":{"line":386,"column":8},"end":{"line":386,"column":25}},"63":{"start":{"line":389,"column":0},"end":{"line":389,"column":38}},"64":{"start":{"line":532,"column":0},"end":{"line":532,"column":34}},"65":{"start":{"line":584,"column":4},"end":{"line":590,"column":5}},"66":{"start":{"line":592,"column":4},"end":{"line":598,"column":5}},"67":{"start":{"line":600,"column":4},"end":{"line":608,"column":5}},"68":{"start":{"line":602,"column":8},"end":{"line":602,"column":44}},"69":{"start":{"line":603,"column":8},"end":{"line":603,"column":21}},"70":{"start":{"line":605,"column":9},"end":{"line":608,"column":5}},"71":{"start":{"line":606,"column":8},"end":{"line":606,"column":39}},"72":{"start":{"line":607,"column":8},"end":{"line":607,"column":21}},"73":{"start":{"line":610,"column":4},"end":{"line":614,"column":5}},"74":{"start":{"line":612,"column":8},"end":{"line":612,"column":34}},"75":{"start":{"line":613,"column":8},"end":{"line":613,"column":21}},"76":{"start":{"line":636,"column":4},"end":{"line":636,"column":16}},"77":{"start":{"line":638,"column":0},"end":{"line":638,"column":35}},"78":{"start":{"line":643,"column":16},"end":{"line":643,"column":26}},"79":{"start":{"line":644,"column":13},"end":{"line":644,"column":28}},"80":{"start":{"line":645,"column":13},"end":{"line":645,"column":31}},"81":{"start":{"line":646,"column":15},"end":{"line":646,"column":34}},"82":{"start":{"line":647,"column":4},"end":{"line":649,"column":5}},"83":{"start":{"line":648,"column":8},"end":{"line":648,"column":17}},"84":{"start":{"line":650,"column":4},"end":{"line":652,"column":5}},"85":{"start":{"line":651,"column":8},"end":{"line":651,"column":17}},"86":{"start":{"line":653,"column":4},"end":{"line":653,"column":31}},"87":{"start":{"line":654,"column":4},"end":{"line":657,"column":5}},"88":{"start":{"line":656,"column":8},"end":{"line":656,"column":21}},"89":{"start":{"line":658,"column":4},"end":{"line":658,"column":16}},"90":{"start":{"line":660,"column":0},"end":{"line":660,"column":61}},"91":{"start":{"line":729,"column":0},"end":{"line":729,"column":41}},"92":{"start":{"line":734,"column":18},"end":{"line":734,"column":21}},"93":{"start":{"line":735,"column":23},"end":{"line":735,"column":26}},"94":{"start":{"line":736,"column":23},"end":{"line":736,"column":26}},"95":{"start":{"line":737,"column":23},"end":{"line":737,"column":26}},"96":{"start":{"line":738,"column":23},"end":{"line":738,"column":26}},"97":{"start":{"line":739,"column":23},"end":{"line":739,"column":26}},"98":{"start":{"line":742,"column":4},"end":{"line":749,"column":5}},"99":{"start":{"line":744,"column":8},"end":{"line":744,"column":25}},"100":{"start":{"line":748,"column":8},"end":{"line":748,"column":25}},"101":{"start":{"line":752,"column":4},"end":{"line":759,"column":5}},"102":{"start":{"line":754,"column":8},"end":{"line":754,"column":24}},"103":{"start":{"line":758,"column":8},"end":{"line":758,"column":23}},"104":{"start":{"line":762,"column":4},"end":{"line":769,"column":5}},"105":{"start":{"line":764,"column":8},"end":{"line":764,"column":25}},"106":{"start":{"line":768,"column":8},"end":{"line":768,"column":25}},"107":{"start":{"line":772,"column":4},"end":{"line":772,"column":73}},"108":{"start":{"line":775,"column":4},"end":{"line":775,"column":31}},"109":{"start":{"line":777,"column":0},"end":{"line":777,"column":53}},"110":{"start":{"line":781,"column":4},"end":{"line":781,"column":48}},"111":{"start":{"line":783,"column":0},"end":{"line":783,"column":47}}},"fnMap":{"0":{"name":"login","decl":{"start":{"line":4,"column":15},"end":{"line":4,"column":20}},"loc":{"start":{"line":5,"column":0},"end":{"line":72,"column":1}},"line":5},"1":{"name":"register","decl":{"start":{"line":106,"column":15},"end":{"line":106,"column":23}},"loc":{"start":{"line":107,"column":0},"end":{"line":164,"column":1}},"line":107},"2":{"name":"profile","decl":{"start":{"line":190,"column":15},"end":{"line":190,"column":22}},"loc":{"start":{"line":191,"column":0},"end":{"line":287,"column":1}},"line":191},"3":{"name":"regProfile","decl":{"start":{"line":291,"column":15},"end":{"line":291,"column":25}},"loc":{"start":{"line":292,"column":0},"end":{"line":388,"column":1}},"line":292},"4":{"name":"getQuote","decl":{"start":{"line":580,"column":15},"end":{"line":580,"column":23}},"loc":{"start":{"line":581,"column":0},"end":{"line":637,"column":1}},"line":581},"5":{"name":"checkIfgreaterOrEqual","decl":{"start":{"line":641,"column":9},"end":{"line":641,"column":30}},"loc":{"start":{"line":642,"column":0},"end":{"line":659,"column":1}},"line":642},"6":{"name":"getSuggestedPrice","decl":{"start":{"line":732,"column":15},"end":{"line":732,"column":32}},"loc":{"start":{"line":733,"column":0},"end":{"line":776,"column":1}},"line":733},"7":{"name":"getTotalAmount","decl":{"start":{"line":779,"column":15},"end":{"line":779,"column":29}},"loc":{"start":{"line":780,"column":0},"end":{"line":782,"column":1}},"line":780}},"branchMap":{"0":{"loc":{"start":{"line":8,"column":8},"end":{"line":14,"column":9}},"type":"if","locations":[{"start":{"line":8,"column":8},"end":{"line":14,"column":9}},{"start":{},"end":{}}],"line":8},"1":{"loc":{"start":{"line":16,"column":8},"end":{"line":27,"column":9}},"type":"if","locations":[{"start":{"line":16,"column":8},"end":{"line":27,"column":9}},{"start":{"line":22,"column":13},"end":{"line":27,"column":9}}],"line":16},"2":{"loc":{"start":{"line":22,"column":13},"end":{"line":27,"column":9}},"type":"if","locations":[{"start":{"line":22,"column":13},"end":{"line":27,"column":9}},{"start":{},"end":{}}],"line":22},"3":{"loc":{"start":{"line":109,"column":8},"end":{"line":116,"column":9}},"type":"if","locations":[{"start":{"line":109,"column":8},"end":{"line":116,"column":9}},{"start":{},"end":{}}],"line":109},"4":{"loc":{"start":{"line":118,"column":8},"end":{"line":129,"column":9}},"type":"if","locations":[{"start":{"line":118,"column":8},"end":{"line":129,"column":9}},{"start":{"line":124,"column":13},"end":{"line":129,"column":9}}],"line":118},"5":{"loc":{"start":{"line":124,"column":13},"end":{"line":129,"column":9}},"type":"if","locations":[{"start":{"line":124,"column":13},"end":{"line":129,"column":9}},{"start":{},"end":{}}],"line":124},"6":{"loc":{"start":{"line":145,"column":8},"end":{"line":156,"column":9}},"type":"if","locations":[{"start":{"line":145,"column":8},"end":{"line":156,"column":9}},{"start":{"line":153,"column":8},"end":{"line":156,"column":9}}],"line":145},"7":{"loc":{"start":{"line":193,"column":8},"end":{"line":207,"column":9}},"type":"if","locations":[{"start":{"line":193,"column":8},"end":{"line":207,"column":9}},{"start":{},"end":{}}],"line":193},"8":{"loc":{"start":{"line":210,"column":8},"end":{"line":215,"column":9}},"type":"if","locations":[{"start":{"line":210,"column":8},"end":{"line":215,"column":9}},{"start":{},"end":{}}],"line":210},"9":{"loc":{"start":{"line":217,"column":8},"end":{"line":222,"column":9}},"type":"if","locations":[{"start":{"line":217,"column":8},"end":{"line":222,"column":9}},{"start":{},"end":{}}],"line":217},"10":{"loc":{"start":{"line":224,"column":8},"end":{"line":229,"column":9}},"type":"if","locations":[{"start":{"line":224,"column":8},"end":{"line":229,"column":9}},{"start":{},"end":{}}],"line":224},"11":{"loc":{"start":{"line":231,"column":8},"end":{"line":236,"column":9}},"type":"if","locations":[{"start":{"line":231,"column":8},"end":{"line":236,"column":9}},{"start":{},"end":{}}],"line":231},"12":{"loc":{"start":{"line":231,"column":11},"end":{"line":231,"column":41}},"type":"binary-expr","locations":[{"start":{"line":231,"column":11},"end":{"line":231,"column":26}},{"start":{"line":231,"column":30},"end":{"line":231,"column":41}}],"line":231},"13":{"loc":{"start":{"line":238,"column":8},"end":{"line":243,"column":9}},"type":"if","locations":[{"start":{"line":238,"column":8},"end":{"line":243,"column":9}},{"start":{},"end":{}}],"line":238},"14":{"loc":{"start":{"line":245,"column":8},"end":{"line":250,"column":9}},"type":"if","locations":[{"start":{"line":245,"column":8},"end":{"line":250,"column":9}},{"start":{},"end":{}}],"line":245},"15":{"loc":{"start":{"line":245,"column":11},"end":{"line":245,"column":41}},"type":"binary-expr","locations":[{"start":{"line":245,"column":11},"end":{"line":245,"column":24}},{"start":{"line":245,"column":28},"end":{"line":245,"column":41}}],"line":245},"16":{"loc":{"start":{"line":268,"column":8},"end":{"line":281,"column":9}},"type":"if","locations":[{"start":{"line":268,"column":8},"end":{"line":281,"column":9}},{"start":{"line":277,"column":8},"end":{"line":281,"column":9}}],"line":268},"17":{"loc":{"start":{"line":294,"column":8},"end":{"line":308,"column":9}},"type":"if","locations":[{"start":{"line":294,"column":8},"end":{"line":308,"column":9}},{"start":{},"end":{}}],"line":294},"18":{"loc":{"start":{"line":310,"column":8},"end":{"line":315,"column":9}},"type":"if","locations":[{"start":{"line":310,"column":8},"end":{"line":315,"column":9}},{"start":{},"end":{}}],"line":310},"19":{"loc":{"start":{"line":317,"column":8},"end":{"line":322,"column":9}},"type":"if","locations":[{"start":{"line":317,"column":8},"end":{"line":322,"column":9}},{"start":{},"end":{}}],"line":317},"20":{"loc":{"start":{"line":324,"column":8},"end":{"line":329,"column":9}},"type":"if","locations":[{"start":{"line":324,"column":8},"end":{"line":329,"column":9}},{"start":{},"end":{}}],"line":324},"21":{"loc":{"start":{"line":331,"column":8},"end":{"line":336,"column":9}},"type":"if","locations":[{"start":{"line":331,"column":8},"end":{"line":336,"column":9}},{"start":{},"end":{}}],"line":331},"22":{"loc":{"start":{"line":331,"column":11},"end":{"line":331,"column":41}},"type":"binary-expr","locations":[{"start":{"line":331,"column":11},"end":{"line":331,"column":26}},{"start":{"line":331,"column":30},"end":{"line":331,"column":41}}],"line":331},"23":{"loc":{"start":{"line":338,"column":8},"end":{"line":343,"column":9}},"type":"if","locations":[{"start":{"line":338,"column":8},"end":{"line":343,"column":9}},{"start":{},"end":{}}],"line":338},"24":{"loc":{"start":{"line":345,"column":8},"end":{"line":350,"column":9}},"type":"if","locations":[{"start":{"line":345,"column":8},"end":{"line":350,"column":9}},{"start":{},"end":{}}],"line":345},"25":{"loc":{"start":{"line":345,"column":11},"end":{"line":345,"column":41}},"type":"binary-expr","locations":[{"start":{"line":345,"column":11},"end":{"line":345,"column":24}},{"start":{"line":345,"column":28},"end":{"line":345,"column":41}}],"line":345},"26":{"loc":{"start":{"line":368,"column":8},"end":{"line":382,"column":9}},"type":"if","locations":[{"start":{"line":368,"column":8},"end":{"line":382,"column":9}},{"start":{"line":378,"column":8},"end":{"line":382,"column":9}}],"line":368},"27":{"loc":{"start":{"line":584,"column":4},"end":{"line":590,"column":5}},"type":"if","locations":[{"start":{"line":584,"column":4},"end":{"line":590,"column":5}},{"start":{},"end":{}}],"line":584},"28":{"loc":{"start":{"line":592,"column":4},"end":{"line":598,"column":5}},"type":"if","locations":[{"start":{"line":592,"column":4},"end":{"line":598,"column":5}},{"start":{},"end":{}}],"line":592},"29":{"loc":{"start":{"line":600,"column":4},"end":{"line":608,"column":5}},"type":"if","locations":[{"start":{"line":600,"column":4},"end":{"line":608,"column":5}},{"start":{"line":605,"column":9},"end":{"line":608,"column":5}}],"line":600},"30":{"loc":{"start":{"line":605,"column":9},"end":{"line":608,"column":5}},"type":"if","locations":[{"start":{"line":605,"column":9},"end":{"line":608,"column":5}},{"start":{},"end":{}}],"line":605},"31":{"loc":{"start":{"line":610,"column":4},"end":{"line":614,"column":5}},"type":"if","locations":[{"start":{"line":610,"column":4},"end":{"line":614,"column":5}},{"start":{},"end":{}}],"line":610},"32":{"loc":{"start":{"line":647,"column":4},"end":{"line":649,"column":5}},"type":"if","locations":[{"start":{"line":647,"column":4},"end":{"line":649,"column":5}},{"start":{},"end":{}}],"line":647},"33":{"loc":{"start":{"line":650,"column":4},"end":{"line":652,"column":5}},"type":"if","locations":[{"start":{"line":650,"column":4},"end":{"line":652,"column":5}},{"start":{},"end":{}}],"line":650},"34":{"loc":{"start":{"line":654,"column":4},"end":{"line":657,"column":5}},"type":"if","locations":[{"start":{"line":654,"column":4},"end":{"line":657,"column":5}},{"start":{},"end":{}}],"line":654},"35":{"loc":{"start":{"line":742,"column":4},"end":{"line":749,"column":5}},"type":"if","locations":[{"start":{"line":742,"column":4},"end":{"line":749,"column":5}},{"start":{"line":747,"column":4},"end":{"line":749,"column":5}}],"line":742},"36":{"loc":{"start":{"line":752,"column":4},"end":{"line":759,"column":5}},"type":"if","locations":[{"start":{"line":752,"column":4},"end":{"line":759,"column":5}},{"start":{"line":757,"column":4},"end":{"line":759,"column":5}}],"line":752},"37":{"loc":{"start":{"line":762,"column":4},"end":{"line":769,"column":5}},"type":"if","locations":[{"start":{"line":762,"column":4},"end":{"line":769,"column":5}},{"start":{"line":767,"column":4},"end":{"line":769,"column":5}}],"line":762}},"s":{"0":3,"1":3,"2":3,"3":1,"4":2,"5":1,"6":1,"7":1,"8":0,"9":1,"10":3,"11":3,"12":3,"13":1,"14":2,"15":1,"16":1,"17":1,"18":1,"19":0,"20":1,"21":7,"22":7,"23":7,"24":1,"25":6,"26":1,"27":5,"28":1,"29":4,"30":1,"31":3,"32":1,"33":2,"34":1,"35":1,"36":1,"37":1,"38":0,"39":0,"40":0,"41":1,"42":7,"43":7,"44":7,"45":1,"46":6,"47":1,"48":5,"49":1,"50":4,"51":1,"52":3,"53":1,"54":2,"55":1,"56":1,"57":1,"58":1,"59":1,"60":0,"61":0,"62":0,"63":1,"64":1,"65":3,"66":3,"67":3,"68":1,"69":1,"70":2,"71":0,"72":0,"73":2,"74":1,"75":1,"76":1,"77":1,"78":3,"79":3,"80":3,"81":3,"82":3,"83":3,"84":3,"85":3,"86":3,"87":3,"88":1,"89":2,"90":1,"91":1,"92":2,"93":2,"94":2,"95":2,"96":2,"97":2,"98":2,"99":1,"100":1,"101":2,"102":1,"103":1,"104":2,"105":1,"106":1,"107":2,"108":2,"109":1,"110":1,"111":1},"f":{"0":3,"1":3,"2":7,"3":7,"4":3,"5":3,"6":2,"7":1},"b":{"0":[0,3],"1":[1,2],"2":[1,1],"3":[0,3],"4":[1,2],"5":[1,1],"6":[1,0],"7":[0,7],"8":[1,6],"9":[1,5],"10":[1,4],"11":[1,3],"12":[4,4],"13":[1,2],"14":[1,1],"15":[2,1],"16":[1,0],"17":[0,7],"18":[1,6],"19":[1,5],"20":[1,4],"21":[1,3],"22":[4,4],"23":[1,2],"24":[1,1],"25":[2,2],"26":[1,0],"27":[0,3],"28":[0,3],"29":[1,2],"30":[0,2],"31":[1,1],"32":[3,0],"33":[3,0],"34":[1,2],"35":[1,1],"36":[1,1],"37":[1,1]},"_coverageSchema":"1a1c01bbd47fc00a2c39e90264f33305004495a9","hash":"2a33deffa253c9132839219dc94082f42c39ea67"}
}
