TN:
SF:public\main.js
FN:4,login
FN:106,register
FN:190,profile
FN:291,regProfile
FN:580,getQuote
FN:641,checkIfgreaterOrEqual
FN:732,getSuggestedPrice
FN:779,getTotalAmount
FNF:8
FNH:8
FNDA:3,login
FNDA:3,register
FNDA:7,profile
FNDA:7,regProfile
FNDA:3,getQuote
FNDA:3,checkIfgreaterOrEqual
FNDA:2,getSuggestedPrice
FNDA:1,getTotalAmount
DA:6,3
DA:8,3
DA:16,3
DA:20,1
DA:22,2
DA:26,1
DA:30,1
DA:66,1
DA:70,0
DA:73,1
DA:108,3
DA:109,3
DA:118,3
DA:122,1
DA:124,2
DA:128,1
DA:133,1
DA:145,1
DA:158,1
DA:162,0
DA:165,1
DA:192,7
DA:193,7
DA:210,7
DA:214,1
DA:217,6
DA:221,1
DA:224,5
DA:228,1
DA:231,4
DA:235,1
DA:238,3
DA:242,1
DA:245,2
DA:249,1
DA:254,1
DA:268,1
DA:273,1
DA:280,0
DA:282,0
DA:285,0
DA:288,1
DA:293,7
DA:294,7
DA:310,7
DA:314,1
DA:317,6
DA:321,1
DA:324,5
DA:328,1
DA:331,4
DA:335,1
DA:338,3
DA:342,1
DA:345,2
DA:349,1
DA:354,1
DA:366,1
DA:368,1
DA:374,1
DA:381,0
DA:383,0
DA:386,0
DA:389,1
DA:532,1
DA:584,3
DA:592,3
DA:600,3
DA:602,1
DA:603,1
DA:605,2
DA:606,0
DA:607,0
DA:610,2
DA:612,1
DA:613,1
DA:636,1
DA:638,1
DA:643,3
DA:644,3
DA:645,3
DA:646,3
DA:647,3
DA:648,3
DA:650,3
DA:651,3
DA:653,3
DA:654,3
DA:656,1
DA:658,2
DA:660,1
DA:729,1
DA:734,2
DA:735,2
DA:736,2
DA:737,2
DA:738,2
DA:739,2
DA:742,2
DA:744,1
DA:748,1
DA:752,2
DA:754,1
DA:758,1
DA:762,2
DA:764,1
DA:768,1
DA:772,2
DA:775,2
DA:777,1
DA:781,1
DA:783,1
LF:112
LH:102
BRDA:8,0,0,0
BRDA:8,0,1,3
BRDA:16,1,0,1
BRDA:16,1,1,2
BRDA:22,2,0,1
BRDA:22,2,1,1
BRDA:109,3,0,0
BRDA:109,3,1,3
BRDA:118,4,0,1
BRDA:118,4,1,2
BRDA:124,5,0,1
BRDA:124,5,1,1
BRDA:145,6,0,1
BRDA:145,6,1,0
BRDA:193,7,0,0
BRDA:193,7,1,7
BRDA:210,8,0,1
BRDA:210,8,1,6
BRDA:217,9,0,1
BRDA:217,9,1,5
BRDA:224,10,0,1
BRDA:224,10,1,4
BRDA:231,11,0,1
BRDA:231,11,1,3
BRDA:231,12,0,4
BRDA:231,12,1,4
BRDA:238,13,0,1
BRDA:238,13,1,2
BRDA:245,14,0,1
BRDA:245,14,1,1
BRDA:245,15,0,2
BRDA:245,15,1,1
BRDA:268,16,0,1
BRDA:268,16,1,0
BRDA:294,17,0,0
BRDA:294,17,1,7
BRDA:310,18,0,1
BRDA:310,18,1,6
BRDA:317,19,0,1
BRDA:317,19,1,5
BRDA:324,20,0,1
BRDA:324,20,1,4
BRDA:331,21,0,1
BRDA:331,21,1,3
BRDA:331,22,0,4
BRDA:331,22,1,4
BRDA:338,23,0,1
BRDA:338,23,1,2
BRDA:345,24,0,1
BRDA:345,24,1,1
BRDA:345,25,0,2
BRDA:345,25,1,2
BRDA:368,26,0,1
BRDA:368,26,1,0
BRDA:584,27,0,0
BRDA:584,27,1,3
BRDA:592,28,0,0
BRDA:592,28,1,3
BRDA:600,29,0,1
BRDA:600,29,1,2
BRDA:605,30,0,0
BRDA:605,30,1,2
BRDA:610,31,0,1
BRDA:610,31,1,1
BRDA:647,32,0,3
BRDA:647,32,1,0
BRDA:650,33,0,3
BRDA:650,33,1,0
BRDA:654,34,0,1
BRDA:654,34,1,2
BRDA:742,35,0,1
BRDA:742,35,1,1
BRDA:752,36,0,1
BRDA:752,36,1,1
BRDA:762,37,0,1
BRDA:762,37,1,1
BRF:76
BRH:64
end_of_record
